<?xml version="1.0" encoding="utf-8"?>

<document>
  <address>
    <name>Heinz Ketchuo</name>
    <town>Audacity</town>
    <zip>12345</zip>
    <country>DryLand</country>
  </address>
</document>
